[2019-06-03 11:32:31.778] SI32 Request:{"from":"sender","timestamp":"‎2019‎年‎6‎月‎3‎日‎ ‎11‎:‎32‎:‎30","nonce":79,"sign":"","data":{"userid":"HUHS00639","logintype":"C"}}
[2019-06-03 11:41:26.883] SI32 Request:{"from":"sender","timestamp":"‎2019‎年‎6‎月‎3‎日‎ ‎11‎:‎41‎:‎26","nonce":48,"sign":"","data":{"userid":"HUHS00639","logintype":"C"}}
[2019-06-03 12:12:12.411] SI31 Request:{"from":"sender","timestamp":"2019年6月3日 12:12:09","nonce":62,"sign":"","data":{"username":"HUHS00639","password":"123456","logintype":"C"}}
[2019-06-03 14:11:32.757] SI33 Request:{"from":"sender","timestamp":"2019年6月3日 14:11:30","nonce":40,"sign":"","data":{"userid":"HUHS00639","logintype":"C","oldpsw":"222","newpsw":"222"}}
[2019-06-03 14:12:00.290] SI33 Request:{"from":"sender","timestamp":"2019年6月3日 14:12:00","nonce":39,"sign":"","data":{"userid":"HUHS00639","logintype":"C","oldpsw":"111111","newpsw":"123456"}}
[2019-06-03 14:12:07.568] SI33 Request:{"from":"sender","timestamp":"2019年6月3日 14:12:07","nonce":30,"sign":"","data":{"userid":"HUHS00639","logintype":"C","oldpsw":"123456","newpsw":"111111"}}
[2019-06-03 14:12:16.108] SI33 Request:{"from":"sender","timestamp":"2019年6月3日 14:12:16","nonce":35,"sign":"","data":{"userid":"HUHS00639","logintype":"C","oldpsw":"111111","newpsw":"123456"}}
[2019-06-03 14:12:28.546] SI33 Request:{"from":"sender","timestamp":"2019年6月3日 14:12:28","nonce":41,"sign":"","data":{"userid":"HUHS00639","logintype":"C","oldpsw":"123456","newpsw":"111111"}}
[2019-06-03 14:12:53.280] SI33 Request:{"from":"sender","timestamp":"2019年6月3日 14:12:53","nonce":30,"sign":"","data":{"userid":"HUHS00639","logintype":"C","oldpsw":"12","newpsw":"111111"}}
[2019-06-03 14:13:01.028] SI33 Request:{"from":"sender","timestamp":"2019年6月3日 14:13:01","nonce":81,"sign":"","data":{"userid":"HUHS00639","logintype":"C","oldpsw":"123456","newpsw":"111111"}}
[2019-06-03 14:13:07.057] SI33 Request:{"from":"sender","timestamp":"2019年6月3日 14:13:07","nonce":26,"sign":"","data":{"userid":"HUHS00639","logintype":"C","oldpsw":"123456","newpsw":"111111"}}
[2019-06-03 14:13:12.329] SI33 Request:{"from":"sender","timestamp":"2019年6月3日 14:13:12","nonce":80,"sign":"","data":{"userid":"HUHS00639","logintype":"C","oldpsw":"111111","newpsw":"123456"}}
[2019-06-03 14:13:17.881] SI33 Request:{"from":"sender","timestamp":"2019年6月3日 14:13:17","nonce":51,"sign":"","data":{"userid":"HUHS00639","logintype":"C","oldpsw":"111111","newpsw":"123456"}}
[2019-06-03 14:13:28.840] SI33 Request:{"from":"sender","timestamp":"2019年6月3日 14:13:28","nonce":35,"sign":"","data":{"userid":"HUHS00639","logintype":"C","oldpsw":"111111","newpsw":"123456"}}
[2019-06-03 15:27:08.911] SI33 Request:{"from":"sender","timestamp":"‎2019‎年‎6‎月‎3‎日‎ ‎15‎:‎27‎:‎08","nonce":84,"sign":"","data":{"userid":"HUHS00639","logintype":"C","oldpsw":"","newpsw":""}}
[2019-06-03 15:27:16.003] SI32 Request:{"from":"sender","timestamp":"‎2019‎年‎6‎月‎3‎日‎ ‎15‎:‎27‎:‎15","nonce":16,"sign":"","data":{"userid":"HUHS00639","logintype":"C"}}
[2019-06-03 15:27:18.811] SI33 Request:{"from":"sender","timestamp":"‎2019‎年‎6‎月‎3‎日‎ ‎15‎:‎27‎:‎18","nonce":22,"sign":"","data":{"userid":"HUHS00639","logintype":"C","oldpsw":"","newpsw":""}}
[2019-06-03 15:30:20.815] SI34 Request:{"from":"sender","timestamp":"‎2019‎年‎6‎月‎3‎日‎ ‎15‎:‎30‎:‎20","nonce":31,"sign":"","data":{"leasenum":"HUHS00639"}}
[2019-06-03 15:30:51.987] SI34 Request:{"from":"sender","timestamp":"‎2019‎年‎6‎月‎3‎日‎ ‎15‎:‎30‎:‎50","nonce":51,"sign":"","data":{"leasenum":"HUHS00639"}}
[2019-06-03 15:32:41.967] SI34 Request:{"from":"sender","timestamp":"2019年6月3日 15:32:40","nonce":69,"sign":"","data":{"leasenum":"HUHS00639"}}
[2019-06-03 15:33:11.852] SI34 Request:{"from":"sender","timestamp":"2019年6月3日 15:33:11","nonce":11,"sign":"","data":{"leasenum":"HUHS00639"}}
[2019-06-03 15:34:05.832] SI34 Request:{"from":"sender","timestamp":"2019年6月3日 15:34:05","nonce":85,"sign":"","data":{"leasenum":"HUHS00639"}}
[2019-06-03 15:35:04.698] SI34 Request:{"from":"sender","timestamp":"2019年6月3日 15:35:04","nonce":90,"sign":"","data":{"leasenum":"HUHS00639"}}
